Turbo Assembler	 Version 4.0	    03/28/20 00:25:47	    Page 1
hello1.asm



      1	0000				     .model tiny
      2	0000				     .code
      3					     org 100h
      4					     ;org 7C00h
      5	0100			     start:
      6
      7	0100  B0 01			     mov     al, 01h
      8	0102  B4 02			     mov     ah, 02h
      9
     10	0104  B3 03			     mov     bl, 03h
     11	0106  B7 04			     mov     bh, 04h
     12
     13	0108  B1 05			     mov     cl, 05h
     14	010A  B5 06			     mov     ch, 06h
     15
     16	010C  B2 07			     mov     dl, 07h
     17	010E  B6 08			     mov     dh, 08h
     18
     19	0110  02 C3			     add al,bl
     20	0112  02 C7			     add al,bh
     21
     22					     end     start
Turbo Assembler	 Version 4.0	    03/28/20 00:25:47	    Page 2
Symbol Table




Symbol Name			  Type	 Value

??DATE				  Text	 "03/28/20"
??FILENAME			  Text	 "hello1  "
??TIME				  Text	 "00:25:47"
??VERSION			  Number 0400
@32BIT				  Text	 0
@CODE				  Text	 DGROUP
@CODESIZE			  Text	 0
@CPU				  Text	 0101H
@CURSEG				  Text	 _TEXT
@DATA				  Text	 DGROUP
@DATASIZE			  Text	 0
@FILENAME			  Text	 HELLO1
@INTERFACE			  Text	 00H
@MODEL				  Text	 1
@STACK				  Text	 DGROUP
@WORDSIZE			  Text	 2
START				  Near	 DGROUP:0100

Groups & Segments		  Bit Size Align  Combine Class

DGROUP				  Group
  _DATA				  16  0000 Word	  Public  DATA
  _TEXT				  16  0114 Word	  Public  CODE
